<?xml version="1.0" encoding="UTF-8"?>
<testsuite name="array_and_hashing.ValidAnagramTest" tests="2" skipped="0" failures="0" errors="0" timestamp="2023-09-10T16:53:38" hostname="DESKTOP-VJOAFCN" time="0.009">
  <properties/>
  <testcase name="case 2, should false()" classname="array_and_hashing.ValidAnagramTest" time="0.005"/>
  <testcase name="case1, should true()" classname="array_and_hashing.ValidAnagramTest" time="0.003"/>
  <system-out><![CDATA[a=1
r=1
t=1
a=1
r=1
c=1
a=3
r=1
g=1
m=1
n=1
a=3
r=1
g=1
m=1
n=1
]]></system-out>
  <system-err><![CDATA[]]></system-err>
</testsuite>
