<?xml version="1.0" encoding="UTF-8"?>
<testsuite name="array_and_hashing.TwoSumTest" tests="3" skipped="0" failures="0" errors="0" timestamp="2023-09-10T16:53:38" hostname="DESKTOP-VJOAFCN" time="0.006">
  <properties/>
  <testcase name="case1()" classname="array_and_hashing.TwoSumTest" time="0.003"/>
  <testcase name="case2()" classname="array_and_hashing.TwoSumTest" time="0.0"/>
  <testcase name="case3()" classname="array_and_hashing.TwoSumTest" time="0.001"/>
  <system-out><![CDATA[]]></system-out>
  <system-err><![CDATA[]]></system-err>
</testsuite>
